[2023-09-20T11:58:16.794+0530] {manager.py:487} INFO - Processing files using up to 1 processes at a time 
[2023-09-20T11:58:16.801+0530] {manager.py:488} INFO - Process each file at most once every 30 seconds
[2023-09-20T11:58:16.801+0530] {manager.py:489} INFO - Checking for new files in /home/user/fastapi/metadata/dags_folder/dags every 300 seconds
[2023-09-20T11:58:16.802+0530] {manager.py:759} INFO - Searching for files in /home/user/fastapi/metadata/dags_folder/dags
[2023-09-20T11:58:16.865+0530] {manager.py:762} INFO - There are 46 files in /home/user/fastapi/metadata/dags_folder/dags
[2023-09-20T11:58:17.115+0530] {manager.py:893} INFO - 
================================================================================
DAG File Processing Stats

File Path                                                                                                                                       PID    Runtime      # DAGs    # Errors  Last Runtime    Last Run
----------------------------------------------------------------------------------------------------------------------------------------------  -----  ---------  --------  ----------  --------------  -------------------
/home/user/fastapi/metadata/myenv/lib/python3.10/site-packages/airflow/example_dags/example_branch_day_of_week_operator.py                                               0           0
/home/user/fastapi/metadata/myenv/lib/python3.10/site-packages/airflow/example_dags/example_nested_branch_dag.py                                                         0           0
/home/user/fastapi/metadata/myenv/lib/python3.10/site-packages/airflow/example_dags/example_branch_python_dop_operator_3.py                                              0           0
/home/user/fastapi/metadata/myenv/lib/python3.10/site-packages/airflow/example_dags/example_short_circuit_decorator.py                                                   0           0
/home/user/fastapi/metadata/myenv/lib/python3.10/site-packages/airflow/example_dags/example_skip_dag.py                                                                  0           0
/home/user/fastapi/metadata/myenv/lib/python3.10/site-packages/airflow/example_dags/example_passing_params_via_test_command.py                                           0           0
/home/user/fastapi/metadata/myenv/lib/python3.10/site-packages/airflow/example_dags/example_xcom.py                                                                      0           0
/home/user/fastapi/metadata/myenv/lib/python3.10/site-packages/airflow/example_dags/example_params_ui_tutorial.py                                                        0           0
/home/user/fastapi/metadata/myenv/lib/python3.10/site-packages/airflow/example_dags/example_complex.py                                                                   0           0
/home/user/fastapi/metadata/myenv/lib/python3.10/site-packages/airflow/example_dags/tutorial_taskflow_api.py                                                             0           0
/home/user/fastapi/metadata/myenv/lib/python3.10/site-packages/airflow/example_dags/example_trigger_controller_dag.py                                                    0           0
/home/user/fastapi/metadata/myenv/lib/python3.10/site-packages/airflow/example_dags/example_short_circuit_operator.py                                                    0           0
/home/user/fastapi/metadata/myenv/lib/python3.10/site-packages/airflow/example_dags/tutorial_taskflow_api_virtualenv.py                                                  0           0
/home/user/fastapi/metadata/myenv/lib/python3.10/site-packages/airflow/example_dags/example_python_operator.py                                                           0           0
/home/user/fastapi/metadata/myenv/lib/python3.10/site-packages/airflow/example_dags/example_local_kubernetes_executor.py                                                 0           0
/home/user/fastapi/metadata/myenv/lib/python3.10/site-packages/airflow/example_dags/example_time_delta_sensor_async.py                                                   0           0
/home/user/fastapi/metadata/myenv/lib/python3.10/site-packages/airflow/example_dags/example_setup_teardown.py                                                            0           0
/home/user/fastapi/metadata/myenv/lib/python3.10/site-packages/airflow/example_dags/example_sla_dag.py                                                                   0           0
/home/user/fastapi/metadata/myenv/lib/python3.10/site-packages/airflow/example_dags/example_latest_only_with_trigger.py                                                  0           0
/home/user/fastapi/metadata/myenv/lib/python3.10/site-packages/airflow/example_dags/tutorial.py                                                                          0           0
/home/user/fastapi/metadata/myenv/lib/python3.10/site-packages/airflow/example_dags/example_dag_decorator.py                                                             0           0
/home/user/fastapi/metadata/myenv/lib/python3.10/site-packages/airflow/example_dags/example_branch_labels.py                                                             0           0
/home/user/fastapi/metadata/myenv/lib/python3.10/site-packages/airflow/example_dags/example_sensor_decorator.py                                                          0           0
/home/user/fastapi/metadata/myenv/lib/python3.10/site-packages/airflow/example_dags/example_sensors.py                                                                   0           0
/home/user/fastapi/metadata/myenv/lib/python3.10/site-packages/airflow/example_dags/example_datasets.py                                                                  0           0
/home/user/fastapi/metadata/myenv/lib/python3.10/site-packages/airflow/example_dags/example_branch_datetime_operator.py                                                  0           0
/home/user/fastapi/metadata/myenv/lib/python3.10/site-packages/airflow/example_dags/example_dynamic_task_mapping_with_no_taskflow_operators.py                           0           0
/home/user/fastapi/metadata/myenv/lib/python3.10/site-packages/airflow/example_dags/example_branch_operator.py                                                           0           0
/home/user/fastapi/metadata/myenv/lib/python3.10/site-packages/airflow/example_dags/example_latest_only.py                                                               0           0
/home/user/fastapi/metadata/myenv/lib/python3.10/site-packages/airflow/example_dags/example_xcomargs.py                                                                  0           0
/home/user/fastapi/metadata/myenv/lib/python3.10/site-packages/airflow/example_dags/example_kubernetes_executor.py                                                       0           0
/home/user/fastapi/metadata/myenv/lib/python3.10/site-packages/airflow/example_dags/example_params_trigger_ui.py                                                         0           0
/home/user/fastapi/metadata/myenv/lib/python3.10/site-packages/airflow/example_dags/example_task_group_decorator.py                                                      0           0
/home/user/fastapi/metadata/myenv/lib/python3.10/site-packages/airflow/example_dags/example_setup_teardown_taskflow.py                                                   0           0
/home/user/fastapi/metadata/myenv/lib/python3.10/site-packages/airflow/example_dags/example_subdag_operator.py                                                           0           0
/home/user/fastapi/metadata/myenv/lib/python3.10/site-packages/airflow/example_dags/example_task_group.py                                                                0           0
/home/user/fastapi/metadata/myenv/lib/python3.10/site-packages/airflow/example_dags/example_dynamic_task_mapping.py                                                      0           0
/home/user/fastapi/metadata/myenv/lib/python3.10/site-packages/airflow/example_dags/example_external_task_marker_dag.py                                                  0           0
/home/user/fastapi/metadata/myenv/lib/python3.10/site-packages/airflow/example_dags/tutorial_dag.py                                                                      0           0
/home/user/fastapi/metadata/myenv/lib/python3.10/site-packages/airflow/example_dags/example_trigger_target_dag.py                                                        0           0
/home/user/fastapi/metadata/myenv/lib/python3.10/site-packages/airflow/example_dags/example_bash_operator.py                                                             0           0
/home/user/fastapi/metadata/myenv/lib/python3.10/site-packages/airflow/example_dags/example_branch_operator_decorator.py                                                 0           0
/home/user/fastapi/metadata/myenv/lib/python3.10/site-packages/airflow/example_dags/plugins/listener_plugin.py                                                           0           0
/home/user/fastapi/metadata/myenv/lib/python3.10/site-packages/airflow/example_dags/plugins/workday.py                                                                   0           0
/home/user/fastapi/metadata/myenv/lib/python3.10/site-packages/airflow/example_dags/plugins/event_listener.py                                                            0           0
/home/user/fastapi/metadata/myenv/lib/python3.10/site-packages/airflow/example_dags/subdags/subdag.py                                                                    0           0  0.11s           2023-09-20T06:28:17
================================================================================
[2023-09-20T11:58:23.492+0530] {manager.py:469} INFO - Exiting gracefully upon receiving signal 15
